-------------------------------------------------------------------------------
Test set: com.imooc.test.TransTest
-------------------------------------------------------------------------------
Tests run: 1, Failures: 0, Errors: 1, Skipped: 0, Time elapsed: 3.724 s <<< FAILURE! - in com.imooc.test.TransTest
test(com.imooc.test.TransTest)  Time elapsed: 1.254 s  <<< ERROR!
java.lang.ArithmeticException: / by zero
	at com.imooc.test.TransTest.test(TransTest.java:24)

